<?xml version="1.0" encoding="UTF-8"?>
<testng-results ignored="2" total="6" passed="4" failed="0" skipped="0">
  <reporter-output>
  </reporter-output>
  <suite started-at="2023-05-15T08:54:14 BDT" name="Suite" finished-at="2023-05-15T08:55:37 BDT" duration-ms="82513">
    <groups>
    </groups>
    <test started-at="2023-05-15T08:54:14 BDT" name="Test" finished-at="2023-05-15T08:55:37 BDT" duration-ms="82513">
      <class name="testCasesPackage.TC001_CreateNewAccount">
        <test-method is-config="true" signature="setup()[pri:0, instance:testCasesPackage.TC001_CreateNewAccount@21ba0741]" started-at="2023-05-15T08:54:08 BDT" name="setup" finished-at="2023-05-15T08:54:14 BDT" duration-ms="5914" status="PASS">
          <reporter-output>
          </reporter-output>
        </test-method> <!-- setup -->
        <test-method signature="registration(java.lang.String,java.lang.String,java.lang.String,java.lang.String,java.lang.String,java.lang.String,java.lang.String)[pri:0, instance:testCasesPackage.TC001_CreateNewAccount@21ba0741]" started-at="2023-05-15T08:54:14 BDT" name="registration" description="Perform registration for new users and Sign out" data-provider="registrationData" finished-at="2023-05-15T08:54:25 BDT" duration-ms="10899" status="PASS">
          <params>
            <param index="0">
              <value>
                <![CDATA[mahirafsar164@gmail.com]]>
              </value>
            </param>
            <param index="1">
              <value>
                <![CDATA[Mahir]]>
              </value>
            </param>
            <param index="2">
              <value>
                <![CDATA[afsar]]>
              </value>
            </param>
            <param index="3">
              <value>
                <![CDATA[mahirpass@123]]>
              </value>
            </param>
            <param index="4">
              <value>
                <![CDATA[20]]>
              </value>
            </param>
            <param index="5">
              <value>
                <![CDATA[11]]>
              </value>
            </param>
            <param index="6">
              <value>
                <![CDATA[1999]]>
              </value>
            </param>
          </params>
          <reporter-output>
          </reporter-output>
        </test-method> <!-- registration -->
        <test-method signature="registration(java.lang.String,java.lang.String,java.lang.String,java.lang.String,java.lang.String,java.lang.String,java.lang.String)[pri:0, instance:testCasesPackage.TC001_CreateNewAccount@21ba0741]" started-at="2023-05-15T08:54:25 BDT" name="registration" description="Perform registration for new users and Sign out" data-provider="registrationData" finished-at="2023-05-15T08:54:37 BDT" duration-ms="11940" status="PASS">
          <params>
            <param index="0">
              <value>
                <![CDATA[mahirafsar165@gmail.com]]>
              </value>
            </param>
            <param index="1">
              <value>
                <![CDATA[Mahirafsar]]>
              </value>
            </param>
            <param index="2">
              <value>
                <![CDATA[shoishob]]>
              </value>
            </param>
            <param index="3">
              <value>
                <![CDATA[shoishobpass@12345]]>
              </value>
            </param>
            <param index="4">
              <value>
                <![CDATA[10]]>
              </value>
            </param>
            <param index="5">
              <value>
                <![CDATA[9]]>
              </value>
            </param>
            <param index="6">
              <value>
                <![CDATA[1999]]>
              </value>
            </param>
          </params>
          <reporter-output>
          </reporter-output>
        </test-method> <!-- registration -->
        <test-method is-config="true" signature="tearDown()[pri:0, instance:testCasesPackage.TC001_CreateNewAccount@21ba0741]" started-at="2023-05-15T08:55:37 BDT" name="tearDown" finished-at="2023-05-15T08:55:37 BDT" duration-ms="248" status="PASS">
          <reporter-output>
          </reporter-output>
        </test-method> <!-- tearDown -->
      </class> <!-- testCasesPackage.TC001_CreateNewAccount -->
      <class name="testCasesPackage.TC002_Login_And_Purchase">
        <test-method signature="loginAndPurchase(java.lang.String,java.lang.String,java.lang.String,java.lang.String,java.lang.String,java.lang.String,java.lang.String,java.lang.String)[pri:0, instance:testCasesPackage.TC002_Login_And_Purchase@51fadaff]" started-at="2023-05-15T08:54:37 BDT" name="loginAndPurchase" description="Perform Login, Purchase, and Logout" data-provider="userInfo" finished-at="2023-05-15T08:55:14 BDT" duration-ms="36909" status="PASS">
          <params>
            <param index="0">
              <value>
                <![CDATA[mahirafsar162@gmail.com]]>
              </value>
            </param>
            <param index="1">
              <value>
                <![CDATA[mahirpass@123]]>
              </value>
            </param>
            <param index="2">
              <value>
                <![CDATA[Mirpur]]>
              </value>
            </param>
            <param index="3">
              <value>
                <![CDATA[Dhaka]]>
              </value>
            </param>
            <param index="4">
              <value>
                <![CDATA[5]]>
              </value>
            </param>
            <param index="5">
              <value>
                <![CDATA[12345]]>
              </value>
            </param>
            <param index="6">
              <value>
                <![CDATA[01302309325]]>
              </value>
            </param>
            <param index="7">
              <value>
                <![CDATA[01302309326]]>
              </value>
            </param>
          </params>
          <reporter-output>
          </reporter-output>
        </test-method> <!-- loginAndPurchase -->
        <test-method signature="loginAndPurchase(java.lang.String,java.lang.String,java.lang.String,java.lang.String,java.lang.String,java.lang.String,java.lang.String,java.lang.String)[pri:0, instance:testCasesPackage.TC002_Login_And_Purchase@51fadaff]" started-at="2023-05-15T08:55:14 BDT" name="loginAndPurchase" description="Perform Login, Purchase, and Logout" data-provider="userInfo" finished-at="2023-05-15T08:55:37 BDT" duration-ms="22590" status="PASS">
          <params>
            <param index="0">
              <value>
                <![CDATA[mahirafsar163@gmail.com]]>
              </value>
            </param>
            <param index="1">
              <value>
                <![CDATA[shoishobpass@12345]]>
              </value>
            </param>
            <param index="2">
              <value>
                <![CDATA[Mirpur]]>
              </value>
            </param>
            <param index="3">
              <value>
                <![CDATA[Dhaka]]>
              </value>
            </param>
            <param index="4">
              <value>
                <![CDATA[5]]>
              </value>
            </param>
            <param index="5">
              <value>
                <![CDATA[12345]]>
              </value>
            </param>
            <param index="6">
              <value>
                <![CDATA[01302309325]]>
              </value>
            </param>
            <param index="7">
              <value>
                <![CDATA[01302309326]]>
              </value>
            </param>
          </params>
          <reporter-output>
          </reporter-output>
        </test-method> <!-- loginAndPurchase -->
      </class> <!-- testCasesPackage.TC002_Login_And_Purchase -->
    </test> <!-- Test -->
  </suite> <!-- Suite -->
</testng-results>
