<?xml version="1.0" encoding="UTF-8"?>
<!-- Generated by org.testng.reporters.JUnitXMLReporter -->
<testsuite ignored="2" hostname="DESKTOP-3TAUMDF" failures="0" tests="4" name="Test" time="82.513" errors="0" timestamp="2023-05-15T08:55:37 BDT">
  <testcase classname="testCasesPackage.TC001_CreateNewAccount" name="registration" time="10.899"/>
  <testcase classname="testCasesPackage.TC001_CreateNewAccount" name="registration" time="11.94"/>
  <testcase classname="testCasesPackage.TC002_Login_And_Purchase" name="loginAndPurchase" time="36.909"/>
  <testcase classname="testCasesPackage.TC002_Login_And_Purchase" name="loginAndPurchase" time="22.59"/>
  <testcase classname="basePackage.DriverSetup" name="@BeforeSuite setup" time="0.0">
    <ignored/>
  </testcase> <!-- @BeforeSuite setup -->
  <testcase classname="basePackage.DriverSetup" name="@AfterSuite tearDown" time="0.0">
    <ignored/>
  </testcase> <!-- @AfterSuite tearDown -->
</testsuite> <!-- Test -->
