<?xml version="1.0" encoding="UTF-8"?>
<!-- Generated by org.testng.reporters.JUnitXMLReporter -->
<testsuite ignored="0" hostname="DESKTOP-3TAUMDF" failures="0" tests="2" name="Default test" time="83.42" errors="0" timestamp="2023-05-15T08:52:16 BDT">
  <testcase classname="testCasesPackage.TC002_Login_And_Purchase" name="loginAndPurchase" time="25.259"/>
  <testcase classname="testCasesPackage.TC002_Login_And_Purchase" name="loginAndPurchase" time="58.031"/>
</testsuite> <!-- Default test -->
